<?xml version="1.0" encoding="UTF-8"?>
<!-- Generated by org.testng.reporters.JUnitReportReporter -->
<testsuite hostname="JyothiMedagam21" failures="0" tests="4" name="tests.ECommerceTest" time="55.014" errors="0" timestamp="2025-08-29T11:38:21 IST" skipped="0">
  <testcase classname="tests.ECommerceTest" name="testHomepageAndCategoryVerification" time="6.075"/>
  <testcase classname="tests.ECommerceTest" name="testProductSelectionAndCartAddition" time="22.669"/>
  <testcase classname="tests.ECommerceTest" name="testCartAndCheckoutWorkflow" time="19.455"/>
  <testcase classname="tests.ECommerceTest" name="testNegativeScenarioValidation" time="6.815"/>
</testsuite> <!-- tests.ECommerceTest -->
