<?xml version="1.0" encoding="UTF-8"?>
<!-- Generated by org.testng.reporters.JUnitReportReporter -->
<testsuite hostname="JyothiMedagam21" failures="0" tests="4" name="tests.ECommerceTest" time="66.706" errors="0" timestamp="2025-08-29T11:42:35 IST" skipped="0">
  <testcase classname="tests.ECommerceTest" name="testHomepageAndCategoryVerification" time="6.237"/>
  <testcase classname="tests.ECommerceTest" name="testProductSelectionAndCartAddition" time="34.722"/>
  <testcase classname="tests.ECommerceTest" name="testCartAndCheckoutWorkflow" time="18.828"/>
  <testcase classname="tests.ECommerceTest" name="testNegativeScenarioValidation" time="6.919"/>
</testsuite> <!-- tests.ECommerceTest -->
